--------------------------------------------------------------------------------
Release 14.7 Trace  (nt64)
Copyright (c) 1995-2013 Xilinx, Inc.  All rights reserved.

E:\Xilinx\14.7\ISE_DS\ISE\bin\nt64\unwrapped\trce.exe -intstyle ise -o
mojo_top_0.twr -v 30 -l 30 mojo_top_0_routed.ncd mojo_top_0.pcf

Design file:              mojo_top_0_routed.ncd
Physical constraint file: mojo_top_0.pcf
Device,package,speed:     xc6slx9,tqg144,C,-2 (PRODUCTION 1.23 2013-10-13)
Report level:             verbose report, limited to 30 items per constraint

Environment Variable      Effect 
--------------------      ------ 
NONE                      No environment variables were set
--------------------------------------------------------------------------------

INFO:Timing:2698 - No timing constraints found, doing default enumeration.
INFO:Timing:3412 - To improve timing, see the Timing Closure User Guide (UG612).
INFO:Timing:2752 - To get complete path coverage, use the unconstrained paths 
   option. All paths that are not constrained will be reported in the 
   unconstrained paths section(s) of the report.
INFO:Timing:3339 - The clock-to-out numbers in this timing report are based on 
   a 50 Ohm transmission line loading model.  For the details of this model, 
   and for more information on accounting for different loading conditions, 
   please see the device datasheet.



Data Sheet report:
-----------------
All values displayed in nanoseconds (ns)

Pad to Pad
---------------+---------------+---------+
Source Pad     |Destination Pad|  Delay  |
---------------+---------------+---------+
io_dip[0]      |io_led[0]      |   17.830|
io_dip[0]      |io_led[1]      |   14.822|
io_dip[0]      |io_led[2]      |   14.280|
io_dip[0]      |io_led[3]      |   15.255|
io_dip[0]      |io_led[4]      |   14.674|
io_dip[0]      |io_led[5]      |   13.989|
io_dip[0]      |io_led[6]      |   14.853|
io_dip[0]      |io_led[7]      |   14.917|
io_dip[1]      |io_led[0]      |   14.955|
io_dip[1]      |io_led[1]      |   14.145|
io_dip[1]      |io_led[2]      |   13.770|
io_dip[1]      |io_led[3]      |   14.578|
io_dip[1]      |io_led[4]      |   14.586|
io_dip[1]      |io_led[5]      |   14.290|
io_dip[1]      |io_led[6]      |   14.614|
io_dip[1]      |io_led[7]      |   14.800|
io_dip[2]      |io_led[0]      |   13.761|
io_dip[2]      |io_led[1]      |   14.017|
io_dip[2]      |io_led[2]      |   13.818|
io_dip[2]      |io_led[3]      |   14.121|
io_dip[2]      |io_led[4]      |   14.212|
io_dip[2]      |io_led[5]      |   13.621|
io_dip[2]      |io_led[6]      |   14.210|
io_dip[2]      |io_led[7]      |   13.760|
io_dip[3]      |io_led[0]      |   13.870|
io_dip[3]      |io_led[1]      |   14.226|
io_dip[3]      |io_led[2]      |   14.027|
io_dip[3]      |io_led[3]      |   14.336|
io_dip[3]      |io_led[4]      |   14.392|
io_dip[3]      |io_led[5]      |   13.475|
io_dip[3]      |io_led[6]      |   14.420|
io_dip[3]      |io_led[7]      |   14.606|
io_dip[4]      |io_led[0]      |   13.154|
io_dip[4]      |io_led[1]      |   12.800|
io_dip[4]      |io_led[2]      |   12.275|
io_dip[4]      |io_led[3]      |   12.715|
io_dip[4]      |io_led[4]      |   12.628|
io_dip[4]      |io_led[5]      |   13.582|
io_dip[4]      |io_led[6]      |   13.268|
io_dip[4]      |io_led[7]      |   12.817|
io_dip[5]      |io_led[0]      |   12.995|
io_dip[5]      |io_led[1]      |   12.812|
io_dip[5]      |io_led[2]      |   12.342|
io_dip[5]      |io_led[3]      |   12.917|
io_dip[5]      |io_led[4]      |   12.772|
io_dip[5]      |io_led[5]      |   13.726|
io_dip[5]      |io_led[6]      |   13.412|
io_dip[5]      |io_led[7]      |   13.041|
io_dip[8]      |io_led[0]      |   17.240|
io_dip[8]      |io_led[1]      |   13.631|
io_dip[8]      |io_led[2]      |   13.394|
io_dip[8]      |io_led[3]      |   13.544|
io_dip[8]      |io_led[4]      |   13.764|
io_dip[8]      |io_led[5]      |   13.967|
io_dip[8]      |io_led[6]      |   13.877|
io_dip[8]      |io_led[7]      |   14.327|
io_dip[9]      |io_led[0]      |   17.182|
io_dip[9]      |io_led[1]      |   13.573|
io_dip[9]      |io_led[2]      |   13.336|
io_dip[9]      |io_led[3]      |   13.847|
io_dip[9]      |io_led[4]      |   13.706|
io_dip[9]      |io_led[5]      |   14.046|
io_dip[9]      |io_led[6]      |   13.819|
io_dip[9]      |io_led[7]      |   14.269|
io_dip[10]     |io_led[0]      |   17.047|
io_dip[10]     |io_led[1]      |   13.138|
io_dip[10]     |io_led[2]      |   14.146|
io_dip[10]     |io_led[3]      |   13.742|
io_dip[10]     |io_led[4]      |   13.571|
io_dip[10]     |io_led[5]      |   14.154|
io_dip[10]     |io_led[6]      |   14.255|
io_dip[10]     |io_led[7]      |   14.134|
io_dip[11]     |io_led[0]      |   16.567|
io_dip[11]     |io_led[1]      |   12.622|
io_dip[11]     |io_led[2]      |   11.780|
io_dip[11]     |io_led[3]      |   13.683|
io_dip[11]     |io_led[4]      |   13.091|
io_dip[11]     |io_led[5]      |   14.609|
io_dip[11]     |io_led[6]      |   13.562|
io_dip[11]     |io_led[7]      |   13.654|
io_dip[12]     |io_led[0]      |   16.071|
io_dip[12]     |io_led[1]      |   12.651|
io_dip[12]     |io_led[2]      |   12.831|
io_dip[12]     |io_led[3]      |   13.221|
io_dip[12]     |io_led[4]      |   12.564|
io_dip[12]     |io_led[5]      |   13.667|
io_dip[12]     |io_led[6]      |   13.419|
io_dip[12]     |io_led[7]      |   13.212|
io_dip[13]     |io_led[0]      |   15.350|
io_dip[13]     |io_led[1]      |   12.386|
io_dip[13]     |io_led[2]      |   11.839|
io_dip[13]     |io_led[3]      |   13.006|
io_dip[13]     |io_led[4]      |   12.430|
io_dip[13]     |io_led[5]      |   14.385|
io_dip[13]     |io_led[6]      |   13.338|
io_dip[13]     |io_led[7]      |   12.880|
io_dip[14]     |io_led[0]      |   14.452|
io_dip[14]     |io_led[1]      |   12.249|
io_dip[14]     |io_led[2]      |   11.998|
io_dip[14]     |io_led[3]      |   12.821|
io_dip[14]     |io_led[4]      |   12.173|
io_dip[14]     |io_led[5]      |   12.793|
io_dip[14]     |io_led[6]      |   13.377|
io_dip[14]     |io_led[7]      |   13.170|
io_dip[15]     |io_led[0]      |   13.255|
io_dip[15]     |io_led[1]      |   12.475|
io_dip[15]     |io_led[2]      |   11.421|
io_dip[15]     |io_led[3]      |   12.668|
io_dip[15]     |io_led[4]      |   12.021|
io_dip[15]     |io_led[5]      |   12.926|
io_dip[15]     |io_led[6]      |   13.012|
io_dip[15]     |io_led[7]      |   13.229|
io_dip[16]     |io_led[0]      |   17.321|
io_dip[16]     |io_led[1]      |   13.984|
io_dip[16]     |io_led[2]      |   13.726|
io_dip[16]     |io_led[3]      |   13.625|
io_dip[16]     |io_led[4]      |   13.845|
io_dip[16]     |io_led[5]      |   14.507|
io_dip[16]     |io_led[6]      |   13.958|
io_dip[16]     |io_led[7]      |   14.408|
io_dip[17]     |io_led[0]      |   17.071|
io_dip[17]     |io_led[1]      |   13.769|
io_dip[17]     |io_led[2]      |   13.949|
io_dip[17]     |io_led[3]      |   14.536|
io_dip[17]     |io_led[4]      |   13.660|
io_dip[17]     |io_led[5]      |   14.785|
io_dip[17]     |io_led[6]      |   13.708|
io_dip[17]     |io_led[7]      |   14.435|
io_dip[18]     |io_led[0]      |   17.721|
io_dip[18]     |io_led[1]      |   14.152|
io_dip[18]     |io_led[2]      |   14.499|
io_dip[18]     |io_led[3]      |   14.131|
io_dip[18]     |io_led[4]      |   14.245|
io_dip[18]     |io_led[5]      |   14.402|
io_dip[18]     |io_led[6]      |   14.358|
io_dip[18]     |io_led[7]      |   14.808|
io_dip[19]     |io_led[0]      |   17.550|
io_dip[19]     |io_led[1]      |   14.851|
io_dip[19]     |io_led[2]      |   14.212|
io_dip[19]     |io_led[3]      |   15.284|
io_dip[19]     |io_led[4]      |   14.330|
io_dip[19]     |io_led[5]      |   14.508|
io_dip[19]     |io_led[6]      |   14.882|
io_dip[19]     |io_led[7]      |   14.910|
io_dip[20]     |io_led[0]      |   15.912|
io_dip[20]     |io_led[1]      |   15.545|
io_dip[20]     |io_led[2]      |   14.514|
io_dip[20]     |io_led[3]      |   15.978|
io_dip[20]     |io_led[4]      |   15.024|
io_dip[20]     |io_led[5]      |   15.202|
io_dip[20]     |io_led[6]      |   15.576|
io_dip[20]     |io_led[7]      |   15.604|
io_dip[21]     |io_led[0]      |   15.824|
io_dip[21]     |io_led[1]      |   14.980|
io_dip[21]     |io_led[2]      |   14.134|
io_dip[21]     |io_led[3]      |   15.413|
io_dip[21]     |io_led[4]      |   14.459|
io_dip[21]     |io_led[5]      |   14.637|
io_dip[21]     |io_led[6]      |   15.011|
io_dip[21]     |io_led[7]      |   15.039|
io_dip[22]     |io_led[0]      |   15.850|
io_dip[22]     |io_led[1]      |   15.271|
io_dip[22]     |io_led[2]      |   14.466|
io_dip[22]     |io_led[3]      |   15.704|
io_dip[22]     |io_led[4]      |   14.750|
io_dip[22]     |io_led[5]      |   14.928|
io_dip[22]     |io_led[6]      |   15.302|
io_dip[22]     |io_led[7]      |   15.330|
io_dip[23]     |io_led[0]      |   14.526|
io_dip[23]     |io_led[1]      |   15.522|
io_dip[23]     |io_led[2]      |   14.491|
io_dip[23]     |io_led[3]      |   15.955|
io_dip[23]     |io_led[4]      |   15.001|
io_dip[23]     |io_led[5]      |   15.179|
io_dip[23]     |io_led[6]      |   15.553|
io_dip[23]     |io_led[7]      |   15.581|
---------------+---------------+---------+


Analysis completed Tue Oct 17 19:50:45 2017 
--------------------------------------------------------------------------------

Trace Settings:
-------------------------
Trace Settings 

Peak Memory Usage: 244 MB



